#
# A fatal error has been detected by the Java Runtime Environment:
#
#  Internal Error (javaClasses.cpp:129), pid=5384, tid=6020
#  fatal error: Invalid layout of preloaded class
#
# JRE version: 7.0_21-b11
# Java VM: Java HotSpot(TM) Client VM (23.21-b01 mixed mode windows-x86 )
# Failed to write core dump. Minidumps are not enabled by default on client versions of Windows
#
# If you would like to submit a bug report, please visit:
#   http://bugreport.sun.com/bugreport/crash.jsp
#

---------------  T H R E A D  ---------------

Current thread (0x006fac00):  JavaThread "Unknown thread" [_thread_in_vm, id=6020, stack(0x022a0000,0x022f0000)]

Stack: [0x022a0000,0x022f0000],  sp=0x022ef750,  free space=317k
Native frames: (J=compiled Java code, j=interpreted, Vv=VM code, C=native code)
V  [jvm.dll+0x170511]
V  [jvm.dll+0x16a6b6]
V  [jvm.dll+0x2082f]
V  [jvm.dll+0x208b6]
V  [jvm.dll+0x2e5dd]
V  [jvm.dll+0x2e889]
V  [jvm.dll+0x77bd1]
V  [jvm.dll+0x77f8b]
V  [jvm.dll+0x12a1b1]
V  [jvm.dll+0x14ac6a]
V  [jvm.dll+0xa9eef]
C  [javaw.exe+0x13ca]
C  [javaw.exe+0x1e3c]
C  [javaw.exe+0xa5b1]
C  [javaw.exe+0xa63b]
C  [kernel32.dll+0x1339a]  BaseThreadInitThunk+0x12
C  [ntdll.dll+0x39ed2]  RtlInitializeExceptionChain+0x63
C  [ntdll.dll+0x39ea5]  RtlInitializeExceptionChain+0x36


---------------  P R O C E S S  ---------------

Java Threads: ( => current thread )

Other Threads:

=>0x006fac00 (exited) JavaThread "Unknown thread" [_thread_in_vm, id=6020, stack(0x022a0000,0x022f0000)]

VM state:not at safepoint (not fully initialized)

VM Mutex/Monitor currently owned by a thread: None

GC Heap History (0 events):
No events

Deoptimization events (0 events):
No events

Internal exceptions (0 events):
No events

Events (10 events):
Event: 0.316 loading class 0x023d68b0 done
Event: 0.316 loading class 0x023d5570 done
Event: 0.316 loading class 0x023d5548
Event: 0.316 loading class 0x024498e8
Event: 0.316 loading class 0x024498e8 done
Event: 0.317 loading class 0x02449920
Event: 0.317 loading class 0x02449920 done
Event: 0.317 loading class 0x0244a0f0
Event: 0.317 loading class 0x0244a0f0 done
Event: 0.317 loading class 0x023d5548 done


Dynamic libraries:
0x00a40000 - 0x00a6f000 	C:\Program Files (x86)\Java\jre7\bin\javaw.exe
0x77b10000 - 0x77c90000 	C:\Windows\SysWOW64\ntdll.dll
0x75c80000 - 0x75d90000 	C:\Windows\syswow64\kernel32.dll
0x76c00000 - 0x76c46000 	C:\Windows\syswow64\KERNELBASE.dll
0x77640000 - 0x776e0000 	C:\Windows\syswow64\ADVAPI32.dll
0x76c50000 - 0x76cfc000 	C:\Windows\syswow64\msvcrt.dll
0x775c0000 - 0x775d9000 	C:\Windows\SysWOW64\sechost.dll
0x75e90000 - 0x75f80000 	C:\Windows\syswow64\RPCRT4.dll
0x75670000 - 0x756d0000 	C:\Windows\syswow64\SspiCli.dll
0x75660000 - 0x7566c000 	C:\Windows\syswow64\CRYPTBASE.dll
0x75b80000 - 0x75c80000 	C:\Windows\syswow64\USER32.dll
0x75e00000 - 0x75e90000 	C:\Windows\syswow64\GDI32.dll
0x77ae0000 - 0x77aea000 	C:\Windows\syswow64\LPK.dll
0x771d0000 - 0x7726d000 	C:\Windows\syswow64\USP10.dll
0x73640000 - 0x737de000 	C:\Windows\WinSxS\x86_microsoft.windows.common-controls_6595b64144ccf1df_6.0.7601.17514_none_41e6975e2bd6f2b2\COMCTL32.dll
0x775e0000 - 0x77637000 	C:\Windows\syswow64\SHLWAPI.dll
0x75710000 - 0x75770000 	C:\Windows\system32\IMM32.DLL
0x774f0000 - 0x775bc000 	C:\Windows\syswow64\MSCTF.dll
0x74770000 - 0x7482e000 	C:\Program Files (x86)\Java\jre7\bin\msvcr100.dll
0x69a30000 - 0x69d7f000 	C:\Program Files (x86)\Java\jre7\bin\client\jvm.dll
0x738b0000 - 0x738b7000 	C:\Windows\system32\WSOCK32.dll
0x756d0000 - 0x75705000 	C:\Windows\syswow64\WS2_32.dll
0x76e60000 - 0x76e66000 	C:\Windows\syswow64\NSI.dll
0x72f30000 - 0x72f62000 	C:\Windows\system32\WINMM.dll
0x76e70000 - 0x76e75000 	C:\Windows\syswow64\PSAPI.DLL
0x75420000 - 0x7542c000 	C:\Program Files (x86)\Java\jre7\bin\verify.dll
0x751d0000 - 0x751f0000 	C:\Program Files (x86)\Java\jre7\bin\java.dll
0x74b70000 - 0x74b83000 	C:\Program Files (x86)\Java\jre7\bin\zip.dll
0x73920000 - 0x73a0b000 	C:\Windows\system32\dbghelp.dll

VM Arguments:
jvm_args: -Dfile.encoding=UTF-8 -Xbootclasspath:F:\adt-bundle-windows-x86\sdk\platforms\android-15\android.jar 
java_command: weibo4android.examples.XAuthTest
Launcher Type: SUN_STANDARD

Environment Variables:
PATH=C:/Program Files (x86)/Java/jre7/bin/client;C:/Program Files (x86)/Java/jre7/bin;C:/Program Files (x86)/Java/jre7/lib/i386;C:\Windows\system32;C:\Windows;C:\Windows\System32\Wbem;C:\Windows\System32\WindowsPowerShell\v1.0\;C:\AppServ\Apache2.2\bin;C:\AppServ\php5;C:\AppServ\MySQL\bin;C:\Program Files (x86)\Java\jre7\bin;F:\adt-bundle-windows-x86\eclipse;
USERNAME=Administrator
OS=Windows_NT
PROCESSOR_IDENTIFIER=AMD64 Family 16 Model 6 Stepping 3, AuthenticAMD



---------------  S Y S T E M  ---------------

OS: Windows 7 , 64 bit Build 7601 Service Pack 1

CPU:total 2 (2 cores per cpu, 1 threads per core) family 16 model 6 stepping 3, cmov, cx8, fxsr, mmx, sse, sse2, sse3, popcnt, mmxext, 3dnowpref, lzcnt, sse4a, tsc, tscinvbit, tscinv

Memory: 4k page, physical 1834296k(322080k free), swap 3668592k(1044116k free)

vm_info: Java HotSpot(TM) Client VM (23.21-b01) for windows-x86 JRE (1.7.0_21-b11), built on Apr  4 2013 04:43:10 by "java_re" with unknown MS VC++:1600

time: Sat May 04 17:05:51 2013
elapsed time: 0 seconds

